/*C593*/SET SCHEMA PUBLIC
DISCONNECT
/*C594*/SET SCHEMA PUBLIC
DISCONNECT
/*C596*/SET SCHEMA PUBLIC
DELETE FROM RESERVAS_VUELO WHERE ID=17
COMMIT
DISCONNECT
/*C597*/SET SCHEMA PUBLIC
DISCONNECT
/*C598*/SET SCHEMA PUBLIC
DISCONNECT
/*C599*/SET SCHEMA PUBLIC
DISCONNECT
/*C600*/SET SCHEMA PUBLIC
DISCONNECT
/*C601*/SET SCHEMA PUBLIC
DISCONNECT
/*C602*/SET SCHEMA PUBLIC
DISCONNECT
/*C603*/SET SCHEMA PUBLIC
DISCONNECT
/*C604*/SET SCHEMA PUBLIC
DISCONNECT
/*C605*/SET SCHEMA PUBLIC
DISCONNECT
/*C606*/SET SCHEMA PUBLIC
DISCONNECT
/*C607*/SET SCHEMA PUBLIC
DISCONNECT
/*C608*/SET SCHEMA PUBLIC
DISCONNECT
/*C609*/SET SCHEMA PUBLIC
DISCONNECT
/*C610*/SET SCHEMA PUBLIC
DISCONNECT
/*C611*/SET SCHEMA PUBLIC
DISCONNECT
/*C612*/SET SCHEMA PUBLIC
DISCONNECT
/*C613*/SET SCHEMA PUBLIC
DISCONNECT
/*C614*/SET SCHEMA PUBLIC
DISCONNECT
/*C615*/SET SCHEMA PUBLIC
DISCONNECT
/*C616*/SET SCHEMA PUBLIC
DISCONNECT
/*C617*/SET SCHEMA PUBLIC
DISCONNECT
/*C618*/SET SCHEMA PUBLIC
DISCONNECT
/*C619*/SET SCHEMA PUBLIC
DISCONNECT
/*C620*/SET SCHEMA PUBLIC
DISCONNECT
/*C621*/SET SCHEMA PUBLIC
DISCONNECT
/*C622*/SET SCHEMA PUBLIC
DISCONNECT
/*C623*/SET SCHEMA PUBLIC
DISCONNECT
/*C624*/SET SCHEMA PUBLIC
DISCONNECT
/*C625*/SET SCHEMA PUBLIC
DISCONNECT
/*C626*/SET SCHEMA PUBLIC
DELETE FROM PLAZAS_LIBRES WHERE ID=0
INSERT INTO PLAZAS_LIBRES VALUES(0,0,22,'2019-07-01')
COMMIT
DISCONNECT
/*C627*/SET SCHEMA PUBLIC
DELETE FROM PLAZAS_LIBRES WHERE ID=34
COMMIT
DISCONNECT
/*C628*/SET SCHEMA PUBLIC
DISCONNECT
/*C629*/SET SCHEMA PUBLIC
INSERT INTO PLAZAS_LIBRES VALUES(38,5,50,'2019-07-19')
COMMIT
DISCONNECT
/*C630*/SET SCHEMA PUBLIC
DISCONNECT
/*C631*/SET SCHEMA PUBLIC
INSERT INTO PLAZAS_LIBRES VALUES(39,5,60,'2019-07-29')
COMMIT
DISCONNECT
/*C632*/SET SCHEMA PUBLIC
INSERT INTO VUELOS VALUES(40,'Iberia','Badajoz','Sevilla',30,500.0E0,4,'2019-07-29')
COMMIT
DISCONNECT
/*C633*/SET SCHEMA PUBLIC
DISCONNECT
/*C634*/SET SCHEMA PUBLIC
DELETE FROM VUELOS WHERE ID=0
INSERT INTO VUELOS VALUES(0,'Iberia','Oviedo','Madrid',13,400.0E0,2,'2019-07-01')
COMMIT
DISCONNECT
/*C635*/SET SCHEMA PUBLIC
INSERT INTO VUELOS VALUES(41,'Iberia','Sevilla','Murcia',34,200.0E0,2,'2019-07-13')
COMMIT
DISCONNECT
/*C636*/SET SCHEMA PUBLIC
DISCONNECT
/*C637*/SET SCHEMA PUBLIC
DISCONNECT
/*C638*/SET SCHEMA PUBLIC
INSERT INTO PLAZAS_LIBRES VALUES(40,0,20,'2019-07-23')
COMMIT
DISCONNECT
/*C639*/SET SCHEMA PUBLIC
DISCONNECT
/*C640*/SET SCHEMA PUBLIC
INSERT INTO PLAZAS_LIBRES VALUES(41,2,34,'2019-08-24')
COMMIT
DISCONNECT
/*C641*/SET SCHEMA PUBLIC
DISCONNECT
/*C642*/SET SCHEMA PUBLIC
DISCONNECT
/*C643*/SET SCHEMA PUBLIC
DISCONNECT
/*C644*/SET SCHEMA PUBLIC
DISCONNECT
/*C645*/SET SCHEMA PUBLIC
DISCONNECT
/*C646*/SET SCHEMA PUBLIC
DISCONNECT
/*C647*/SET SCHEMA PUBLIC
DISCONNECT
/*C648*/SET SCHEMA PUBLIC
DISCONNECT
/*C649*/SET SCHEMA PUBLIC
DISCONNECT
/*C650*/SET SCHEMA PUBLIC
DISCONNECT
/*C651*/SET SCHEMA PUBLIC
DISCONNECT
/*C652*/SET SCHEMA PUBLIC
DISCONNECT
/*C653*/SET SCHEMA PUBLIC
DISCONNECT
/*C654*/SET SCHEMA PUBLIC
DISCONNECT
/*C655*/SET SCHEMA PUBLIC
DISCONNECT
/*C656*/SET SCHEMA PUBLIC
DISCONNECT
/*C657*/SET SCHEMA PUBLIC
DISCONNECT
/*C658*/SET SCHEMA PUBLIC
DISCONNECT
/*C659*/SET SCHEMA PUBLIC
DISCONNECT
/*C660*/SET SCHEMA PUBLIC
DISCONNECT
/*C661*/SET SCHEMA PUBLIC
DISCONNECT
/*C662*/SET SCHEMA PUBLIC
DISCONNECT
/*C663*/SET SCHEMA PUBLIC
DISCONNECT
/*C664*/SET SCHEMA PUBLIC
DISCONNECT
/*C665*/SET SCHEMA PUBLIC
DISCONNECT
/*C666*/SET SCHEMA PUBLIC
DISCONNECT
/*C667*/SET SCHEMA PUBLIC
DISCONNECT
/*C668*/SET SCHEMA PUBLIC
DISCONNECT
/*C669*/SET SCHEMA PUBLIC
DISCONNECT
/*C670*/SET SCHEMA PUBLIC
DISCONNECT
/*C671*/SET SCHEMA PUBLIC
DISCONNECT
/*C672*/SET SCHEMA PUBLIC
DISCONNECT
/*C673*/SET SCHEMA PUBLIC
DISCONNECT
/*C674*/SET SCHEMA PUBLIC
DISCONNECT
/*C675*/SET SCHEMA PUBLIC
DISCONNECT
/*C676*/SET SCHEMA PUBLIC
DISCONNECT
/*C677*/SET SCHEMA PUBLIC
INSERT INTO RESERVAS_HOTEL VALUES(50,8,'2019-07-01','2019-07-03',1,'11387072W')
COMMIT
DISCONNECT
/*C678*/SET SCHEMA PUBLIC
DISCONNECT
/*C679*/SET SCHEMA PUBLIC
DISCONNECT
/*C680*/SET SCHEMA PUBLIC
DELETE FROM PLAZAS_LIBRES WHERE ID=24
INSERT INTO PLAZAS_LIBRES VALUES(24,8,29,'2019-07-01')
COMMIT
DISCONNECT
/*C681*/SET SCHEMA PUBLIC
DISCONNECT
/*C682*/SET SCHEMA PUBLIC
DISCONNECT
/*C683*/SET SCHEMA PUBLIC
DELETE FROM PLAZAS_LIBRES WHERE ID=28
INSERT INTO PLAZAS_LIBRES VALUES(28,8,4,'2019-07-02')
COMMIT
DISCONNECT
/*C684*/SET SCHEMA PUBLIC
DISCONNECT
/*C685*/SET SCHEMA PUBLIC
DISCONNECT
/*C686*/SET SCHEMA PUBLIC
DELETE FROM PLAZAS_LIBRES WHERE ID=32
INSERT INTO PLAZAS_LIBRES VALUES(32,8,29,'2019-07-03')
COMMIT
DISCONNECT
/*C687*/SET SCHEMA PUBLIC
DISCONNECT
/*C688*/SET SCHEMA PUBLIC
DISCONNECT
/*C689*/SET SCHEMA PUBLIC
DISCONNECT
/*C690*/SET SCHEMA PUBLIC
INSERT INTO RESERVAS_VUELO VALUES(44,33,30,'11387072W',1)
COMMIT
DISCONNECT
/*C691*/SET SCHEMA PUBLIC
DELETE FROM VUELOS WHERE ID=33
INSERT INTO VUELOS VALUES(33,'Vueling','Oviedo','Barcelona',9,23.56E0,3,'2019-07-01')
COMMIT
DISCONNECT
/*C692*/SET SCHEMA PUBLIC
DELETE FROM VUELOS WHERE ID=30
INSERT INTO VUELOS VALUES(30,'Vueling','Barcelona','Oviedo',9,12.34E0,2,'2019-07-01')
COMMIT
DISCONNECT
/*C693*/SET SCHEMA PUBLIC
DISCONNECT
/*C694*/SET SCHEMA PUBLIC
DISCONNECT
/*C695*/SET SCHEMA PUBLIC
DISCONNECT
/*C696*/SET SCHEMA PUBLIC
DISCONNECT
/*C697*/SET SCHEMA PUBLIC
DISCONNECT
/*C698*/SET SCHEMA PUBLIC
DISCONNECT
/*C699*/SET SCHEMA PUBLIC
DISCONNECT
/*C700*/SET SCHEMA PUBLIC
DISCONNECT
/*C701*/SET SCHEMA PUBLIC
DISCONNECT
/*C702*/SET SCHEMA PUBLIC
DISCONNECT
/*C703*/SET SCHEMA PUBLIC
DISCONNECT
/*C704*/SET SCHEMA PUBLIC
DISCONNECT
/*C705*/SET SCHEMA PUBLIC
DISCONNECT
/*C706*/SET SCHEMA PUBLIC
DISCONNECT
/*C707*/SET SCHEMA PUBLIC
DISCONNECT
/*C708*/SET SCHEMA PUBLIC
DISCONNECT
/*C709*/SET SCHEMA PUBLIC
DISCONNECT
/*C710*/SET SCHEMA PUBLIC
DISCONNECT
/*C711*/SET SCHEMA PUBLIC
DISCONNECT
/*C712*/SET SCHEMA PUBLIC
DISCONNECT
/*C713*/SET SCHEMA PUBLIC
DISCONNECT
/*C714*/SET SCHEMA PUBLIC
DISCONNECT
/*C715*/SET SCHEMA PUBLIC
DISCONNECT
/*C716*/SET SCHEMA PUBLIC
DISCONNECT
/*C717*/SET SCHEMA PUBLIC
DISCONNECT
/*C718*/SET SCHEMA PUBLIC
DISCONNECT
/*C719*/SET SCHEMA PUBLIC
DISCONNECT
/*C720*/SET SCHEMA PUBLIC
DISCONNECT
/*C721*/SET SCHEMA PUBLIC
DISCONNECT
/*C722*/SET SCHEMA PUBLIC
DISCONNECT
/*C723*/SET SCHEMA PUBLIC
DISCONNECT
/*C724*/SET SCHEMA PUBLIC
DISCONNECT
/*C725*/SET SCHEMA PUBLIC
DISCONNECT
/*C726*/SET SCHEMA PUBLIC
DISCONNECT
/*C727*/SET SCHEMA PUBLIC
DISCONNECT
/*C728*/SET SCHEMA PUBLIC
DISCONNECT
/*C729*/SET SCHEMA PUBLIC
DISCONNECT
/*C730*/SET SCHEMA PUBLIC
INSERT INTO RESERVAS_HOTEL VALUES(51,8,'2019-07-01','2019-07-03',1,'11387072W')
COMMIT
DISCONNECT
/*C731*/SET SCHEMA PUBLIC
DISCONNECT
/*C732*/SET SCHEMA PUBLIC
DISCONNECT
/*C733*/SET SCHEMA PUBLIC
DELETE FROM PLAZAS_LIBRES WHERE ID=24
INSERT INTO PLAZAS_LIBRES VALUES(24,8,28,'2019-07-01')
COMMIT
DISCONNECT
/*C734*/SET SCHEMA PUBLIC
DISCONNECT
/*C735*/SET SCHEMA PUBLIC
DISCONNECT
/*C736*/SET SCHEMA PUBLIC
DELETE FROM PLAZAS_LIBRES WHERE ID=28
INSERT INTO PLAZAS_LIBRES VALUES(28,8,3,'2019-07-02')
COMMIT
DISCONNECT
/*C737*/SET SCHEMA PUBLIC
DISCONNECT
/*C738*/SET SCHEMA PUBLIC
DISCONNECT
/*C739*/SET SCHEMA PUBLIC
DELETE FROM PLAZAS_LIBRES WHERE ID=32
INSERT INTO PLAZAS_LIBRES VALUES(32,8,28,'2019-07-03')
COMMIT
DISCONNECT
/*C740*/SET SCHEMA PUBLIC
DISCONNECT
/*C741*/SET SCHEMA PUBLIC
DISCONNECT
/*C742*/SET SCHEMA PUBLIC
DISCONNECT
/*C743*/SET SCHEMA PUBLIC
INSERT INTO RESERVAS_VUELO VALUES(45,33,30,'11387072W',1)
COMMIT
DISCONNECT
/*C744*/SET SCHEMA PUBLIC
DELETE FROM VUELOS WHERE ID=33
INSERT INTO VUELOS VALUES(33,'Vueling','Oviedo','Barcelona',8,23.56E0,3,'2019-07-01')
COMMIT
DISCONNECT
/*C745*/SET SCHEMA PUBLIC
DELETE FROM VUELOS WHERE ID=30
INSERT INTO VUELOS VALUES(30,'Vueling','Barcelona','Oviedo',8,12.34E0,2,'2019-07-01')
COMMIT
DISCONNECT
/*C746*/SET SCHEMA PUBLIC
DISCONNECT
/*C747*/SET SCHEMA PUBLIC
DISCONNECT
/*C748*/SET SCHEMA PUBLIC
DISCONNECT
/*C749*/SET SCHEMA PUBLIC
DISCONNECT
/*C750*/SET SCHEMA PUBLIC
DISCONNECT
/*C751*/SET SCHEMA PUBLIC
DISCONNECT
/*C752*/SET SCHEMA PUBLIC
DISCONNECT
/*C753*/SET SCHEMA PUBLIC
DISCONNECT
/*C754*/SET SCHEMA PUBLIC
DISCONNECT
/*C755*/SET SCHEMA PUBLIC
DISCONNECT
/*C756*/SET SCHEMA PUBLIC
DISCONNECT
/*C757*/SET SCHEMA PUBLIC
DISCONNECT
/*C758*/SET SCHEMA PUBLIC
DISCONNECT
/*C759*/SET SCHEMA PUBLIC
DISCONNECT
/*C760*/SET SCHEMA PUBLIC
DISCONNECT
/*C761*/SET SCHEMA PUBLIC
DISCONNECT
/*C762*/SET SCHEMA PUBLIC
DISCONNECT
/*C763*/SET SCHEMA PUBLIC
DISCONNECT
/*C764*/SET SCHEMA PUBLIC
DISCONNECT
/*C765*/SET SCHEMA PUBLIC
DISCONNECT
/*C766*/SET SCHEMA PUBLIC
DISCONNECT
/*C767*/SET SCHEMA PUBLIC
DISCONNECT
/*C768*/SET SCHEMA PUBLIC
DISCONNECT
/*C769*/SET SCHEMA PUBLIC
DISCONNECT
/*C770*/SET SCHEMA PUBLIC
DISCONNECT
/*C771*/SET SCHEMA PUBLIC
DISCONNECT
/*C772*/SET SCHEMA PUBLIC
DISCONNECT
/*C773*/SET SCHEMA PUBLIC
DISCONNECT
/*C774*/SET SCHEMA PUBLIC
DISCONNECT
/*C775*/SET SCHEMA PUBLIC
DISCONNECT
/*C776*/SET SCHEMA PUBLIC
DISCONNECT
/*C777*/SET SCHEMA PUBLIC
DISCONNECT
/*C778*/SET SCHEMA PUBLIC
DISCONNECT
/*C779*/SET SCHEMA PUBLIC
DISCONNECT
/*C780*/SET SCHEMA PUBLIC
DISCONNECT
/*C781*/SET SCHEMA PUBLIC
DISCONNECT
/*C782*/SET SCHEMA PUBLIC
DISCONNECT
/*C783*/SET SCHEMA PUBLIC
INSERT INTO RESERVAS_HOTEL VALUES(52,8,'2019-07-01','2019-07-03',1,'11387072W')
COMMIT
DISCONNECT
/*C784*/SET SCHEMA PUBLIC
DISCONNECT
/*C785*/SET SCHEMA PUBLIC
DISCONNECT
/*C786*/SET SCHEMA PUBLIC
DELETE FROM PLAZAS_LIBRES WHERE ID=24
INSERT INTO PLAZAS_LIBRES VALUES(24,8,27,'2019-07-01')
COMMIT
DISCONNECT
/*C787*/SET SCHEMA PUBLIC
DISCONNECT
/*C788*/SET SCHEMA PUBLIC
DISCONNECT
/*C789*/SET SCHEMA PUBLIC
DELETE FROM PLAZAS_LIBRES WHERE ID=28
INSERT INTO PLAZAS_LIBRES VALUES(28,8,2,'2019-07-02')
COMMIT
DISCONNECT
/*C790*/SET SCHEMA PUBLIC
DISCONNECT
/*C791*/SET SCHEMA PUBLIC
DISCONNECT
/*C792*/SET SCHEMA PUBLIC
DELETE FROM PLAZAS_LIBRES WHERE ID=32
INSERT INTO PLAZAS_LIBRES VALUES(32,8,27,'2019-07-03')
COMMIT
DISCONNECT
/*C793*/SET SCHEMA PUBLIC
DISCONNECT
/*C794*/SET SCHEMA PUBLIC
DISCONNECT
/*C795*/SET SCHEMA PUBLIC
DISCONNECT
/*C796*/SET SCHEMA PUBLIC
INSERT INTO RESERVAS_VUELO VALUES(46,33,30,'11387072W',1)
COMMIT
DISCONNECT
/*C797*/SET SCHEMA PUBLIC
DELETE FROM VUELOS WHERE ID=33
INSERT INTO VUELOS VALUES(33,'Vueling','Oviedo','Barcelona',7,23.56E0,3,'2019-07-01')
COMMIT
DISCONNECT
/*C798*/SET SCHEMA PUBLIC
DELETE FROM VUELOS WHERE ID=30
INSERT INTO VUELOS VALUES(30,'Vueling','Barcelona','Oviedo',7,12.34E0,2,'2019-07-01')
COMMIT
DISCONNECT
/*C799*/SET SCHEMA PUBLIC
DISCONNECT
/*C800*/SET SCHEMA PUBLIC
DISCONNECT
/*C801*/SET SCHEMA PUBLIC
DISCONNECT
/*C802*/SET SCHEMA PUBLIC
DISCONNECT
/*C803*/SET SCHEMA PUBLIC
DISCONNECT
/*C804*/SET SCHEMA PUBLIC
DISCONNECT
/*C805*/SET SCHEMA PUBLIC
DISCONNECT
/*C806*/SET SCHEMA PUBLIC
DISCONNECT
/*C807*/SET SCHEMA PUBLIC
DISCONNECT
/*C808*/SET SCHEMA PUBLIC
DISCONNECT
/*C809*/SET SCHEMA PUBLIC
DISCONNECT
/*C810*/SET SCHEMA PUBLIC
DISCONNECT
/*C811*/SET SCHEMA PUBLIC
DISCONNECT
/*C812*/SET SCHEMA PUBLIC
DISCONNECT
/*C813*/SET SCHEMA PUBLIC
DISCONNECT
/*C814*/SET SCHEMA PUBLIC
DISCONNECT
/*C815*/SET SCHEMA PUBLIC
DISCONNECT
/*C816*/SET SCHEMA PUBLIC
DISCONNECT
/*C817*/SET SCHEMA PUBLIC
DISCONNECT
/*C818*/SET SCHEMA PUBLIC
DISCONNECT
/*C819*/SET SCHEMA PUBLIC
DISCONNECT
/*C820*/SET SCHEMA PUBLIC
DISCONNECT
/*C821*/SET SCHEMA PUBLIC
DISCONNECT
/*C822*/SET SCHEMA PUBLIC
DISCONNECT
/*C823*/SET SCHEMA PUBLIC
DISCONNECT
/*C824*/SET SCHEMA PUBLIC
DISCONNECT
/*C825*/SET SCHEMA PUBLIC
DISCONNECT
/*C826*/SET SCHEMA PUBLIC
DISCONNECT
/*C827*/SET SCHEMA PUBLIC
DISCONNECT
/*C828*/SET SCHEMA PUBLIC
INSERT INTO PLAZAS_LIBRES VALUES(42,2,67,'2019-07-26')
COMMIT
DISCONNECT
/*C829*/SET SCHEMA PUBLIC
DELETE FROM VUELOS WHERE ID=0
INSERT INTO VUELOS VALUES(0,'Ryanair','Valencia','Tarragona',45,30.0E0,2,'2019-06-30')
COMMIT
DISCONNECT
/*C830*/SET SCHEMA PUBLIC
DELETE FROM VUELOS WHERE ID=0
INSERT INTO VUELOS VALUES(0,'Iberia','Oviedo','Alicante',21,123.0E0,2,'2019-07-01')
COMMIT
DISCONNECT
/*C831*/SET SCHEMA PUBLIC
INSERT INTO VUELOS VALUES(42,'Iberia','Oviedo','Sevilla',88,789.0E0,2,'2019-06-30')
COMMIT
DISCONNECT
/*C832*/SET SCHEMA PUBLIC
DISCONNECT
/*C833*/SET SCHEMA PUBLIC
DELETE FROM VUELOS WHERE ID=0
INSERT INTO VUELOS VALUES(0,'Iberia','Madrid','Barcelona',34,200.0E0,2,'2019-07-15')
COMMIT
DISCONNECT
/*C834*/SET SCHEMA PUBLIC
INSERT INTO VUELOS VALUES(43,'Iberia','Madrid','Oviedo',23,3900.0E0,2,'2019-07-21')
COMMIT
DISCONNECT
/*C835*/SET SCHEMA PUBLIC
DISCONNECT
/*C836*/SET SCHEMA PUBLIC
DISCONNECT
/*C837*/SET SCHEMA PUBLIC
DISCONNECT
/*C838*/SET SCHEMA PUBLIC
DISCONNECT
/*C839*/SET SCHEMA PUBLIC
DISCONNECT
/*C840*/SET SCHEMA PUBLIC
DISCONNECT
/*C841*/SET SCHEMA PUBLIC
DISCONNECT
/*C842*/SET SCHEMA PUBLIC
DISCONNECT
/*C843*/SET SCHEMA PUBLIC
DISCONNECT
/*C844*/SET SCHEMA PUBLIC
DISCONNECT
/*C845*/SET SCHEMA PUBLIC
DISCONNECT
/*C846*/SET SCHEMA PUBLIC
DISCONNECT
/*C847*/SET SCHEMA PUBLIC
DISCONNECT
/*C848*/SET SCHEMA PUBLIC
DISCONNECT
/*C849*/SET SCHEMA PUBLIC
DISCONNECT
/*C850*/SET SCHEMA PUBLIC
DISCONNECT
/*C851*/SET SCHEMA PUBLIC
DISCONNECT
/*C852*/SET SCHEMA PUBLIC
DISCONNECT
/*C853*/SET SCHEMA PUBLIC
DISCONNECT
/*C854*/SET SCHEMA PUBLIC
DISCONNECT
/*C855*/SET SCHEMA PUBLIC
DISCONNECT
/*C856*/SET SCHEMA PUBLIC
DISCONNECT
/*C857*/SET SCHEMA PUBLIC
DISCONNECT
/*C858*/SET SCHEMA PUBLIC
DISCONNECT
/*C859*/SET SCHEMA PUBLIC
DISCONNECT
/*C860*/SET SCHEMA PUBLIC
DISCONNECT
/*C861*/SET SCHEMA PUBLIC
DISCONNECT
/*C862*/SET SCHEMA PUBLIC
DISCONNECT
/*C863*/SET SCHEMA PUBLIC
DISCONNECT
/*C864*/SET SCHEMA PUBLIC
INSERT INTO RESERVAS_HOTEL VALUES(53,10,'2019-07-01','2019-07-01',1,'76736221X')
COMMIT
DISCONNECT
/*C865*/SET SCHEMA PUBLIC
DISCONNECT
/*C866*/SET SCHEMA PUBLIC
DISCONNECT
/*C867*/SET SCHEMA PUBLIC
DELETE FROM PLAZAS_LIBRES WHERE ID=26
INSERT INTO PLAZAS_LIBRES VALUES(26,10,2,'2019-07-01')
COMMIT
DISCONNECT
/*C868*/SET SCHEMA PUBLIC
DISCONNECT
/*C869*/SET SCHEMA PUBLIC
DISCONNECT
/*C870*/SET SCHEMA PUBLIC
DISCONNECT
/*C871*/SET SCHEMA PUBLIC
INSERT INTO RESERVAS_VUELO VALUES(47,33,30,'76736221X',1)
COMMIT
DISCONNECT
/*C872*/SET SCHEMA PUBLIC
DELETE FROM VUELOS WHERE ID=33
INSERT INTO VUELOS VALUES(33,'Vueling','Oviedo','Barcelona',6,23.56E0,3,'2019-07-01')
COMMIT
DISCONNECT
/*C873*/SET SCHEMA PUBLIC
DELETE FROM VUELOS WHERE ID=30
INSERT INTO VUELOS VALUES(30,'Vueling','Barcelona','Oviedo',6,12.34E0,2,'2019-07-01')
COMMIT
DISCONNECT
/*C874*/SET SCHEMA PUBLIC
DISCONNECT
/*C595*/SET SCHEMA PUBLIC
DELETE FROM PLAZAS_LIBRES WHERE ID=0
DELETE FROM PLAZAS_LIBRES WHERE ID=1
DELETE FROM PLAZAS_LIBRES WHERE ID=2
DELETE FROM PLAZAS_LIBRES WHERE ID=3
DELETE FROM PLAZAS_LIBRES WHERE ID=4
DELETE FROM PLAZAS_LIBRES WHERE ID=5
DELETE FROM PLAZAS_LIBRES WHERE ID=6
DELETE FROM PLAZAS_LIBRES WHERE ID=7
DELETE FROM PLAZAS_LIBRES WHERE ID=8
DELETE FROM PLAZAS_LIBRES WHERE ID=9
DELETE FROM PLAZAS_LIBRES WHERE ID=10
DELETE FROM PLAZAS_LIBRES WHERE ID=11
DELETE FROM PLAZAS_LIBRES WHERE ID=12
DELETE FROM PLAZAS_LIBRES WHERE ID=13
DELETE FROM PLAZAS_LIBRES WHERE ID=14
DELETE FROM PLAZAS_LIBRES WHERE ID=15
DELETE FROM PLAZAS_LIBRES WHERE ID=16
DELETE FROM PLAZAS_LIBRES WHERE ID=17
DELETE FROM PLAZAS_LIBRES WHERE ID=18
DELETE FROM PLAZAS_LIBRES WHERE ID=19
DELETE FROM PLAZAS_LIBRES WHERE ID=20
DELETE FROM PLAZAS_LIBRES WHERE ID=21
DELETE FROM PLAZAS_LIBRES WHERE ID=22
DELETE FROM PLAZAS_LIBRES WHERE ID=23
DELETE FROM PLAZAS_LIBRES WHERE ID=24
DELETE FROM PLAZAS_LIBRES WHERE ID=25
DELETE FROM PLAZAS_LIBRES WHERE ID=26
DELETE FROM PLAZAS_LIBRES WHERE ID=27
DELETE FROM PLAZAS_LIBRES WHERE ID=28
DELETE FROM PLAZAS_LIBRES WHERE ID=29
DELETE FROM PLAZAS_LIBRES WHERE ID=30
DELETE FROM PLAZAS_LIBRES WHERE ID=31
DELETE FROM PLAZAS_LIBRES WHERE ID=32
DELETE FROM PLAZAS_LIBRES WHERE ID=33
DELETE FROM PLAZAS_LIBRES WHERE ID=38
DELETE FROM PLAZAS_LIBRES WHERE ID=39
DELETE FROM PLAZAS_LIBRES WHERE ID=40
DELETE FROM PLAZAS_LIBRES WHERE ID=41
DELETE FROM PLAZAS_LIBRES WHERE ID=42
COMMIT
DELETE FROM RESERVAS_HOTEL WHERE ID=4
DELETE FROM RESERVAS_HOTEL WHERE ID=5
DELETE FROM RESERVAS_HOTEL WHERE ID=6
DELETE FROM RESERVAS_HOTEL WHERE ID=7
DELETE FROM RESERVAS_HOTEL WHERE ID=8
DELETE FROM RESERVAS_HOTEL WHERE ID=9
DELETE FROM RESERVAS_HOTEL WHERE ID=10
DELETE FROM RESERVAS_HOTEL WHERE ID=11
DELETE FROM RESERVAS_HOTEL WHERE ID=12
DELETE FROM RESERVAS_HOTEL WHERE ID=13
DELETE FROM RESERVAS_HOTEL WHERE ID=14
DELETE FROM RESERVAS_HOTEL WHERE ID=16
DELETE FROM RESERVAS_HOTEL WHERE ID=17
DELETE FROM RESERVAS_HOTEL WHERE ID=18
DELETE FROM RESERVAS_HOTEL WHERE ID=19
DELETE FROM RESERVAS_HOTEL WHERE ID=20
DELETE FROM RESERVAS_HOTEL WHERE ID=21
DELETE FROM RESERVAS_HOTEL WHERE ID=22
DELETE FROM RESERVAS_HOTEL WHERE ID=23
DELETE FROM RESERVAS_HOTEL WHERE ID=24
DELETE FROM RESERVAS_HOTEL WHERE ID=25
DELETE FROM RESERVAS_HOTEL WHERE ID=26
DELETE FROM RESERVAS_HOTEL WHERE ID=27
DELETE FROM RESERVAS_HOTEL WHERE ID=28
DELETE FROM RESERVAS_HOTEL WHERE ID=29
DELETE FROM RESERVAS_HOTEL WHERE ID=30
DELETE FROM RESERVAS_HOTEL WHERE ID=31
DELETE FROM RESERVAS_HOTEL WHERE ID=32
DELETE FROM RESERVAS_HOTEL WHERE ID=33
DELETE FROM RESERVAS_HOTEL WHERE ID=34
DELETE FROM RESERVAS_HOTEL WHERE ID=35
DELETE FROM RESERVAS_HOTEL WHERE ID=36
DELETE FROM RESERVAS_HOTEL WHERE ID=37
DELETE FROM RESERVAS_HOTEL WHERE ID=38
DELETE FROM RESERVAS_HOTEL WHERE ID=39
DELETE FROM RESERVAS_HOTEL WHERE ID=40
DELETE FROM RESERVAS_HOTEL WHERE ID=41
DELETE FROM RESERVAS_HOTEL WHERE ID=42
DELETE FROM RESERVAS_HOTEL WHERE ID=43
DELETE FROM RESERVAS_HOTEL WHERE ID=44
DELETE FROM RESERVAS_HOTEL WHERE ID=45
DELETE FROM RESERVAS_HOTEL WHERE ID=46
DELETE FROM RESERVAS_HOTEL WHERE ID=47
DELETE FROM RESERVAS_HOTEL WHERE ID=48
DELETE FROM RESERVAS_HOTEL WHERE ID=49
DELETE FROM RESERVAS_HOTEL WHERE ID=50
DELETE FROM RESERVAS_HOTEL WHERE ID=51
DELETE FROM RESERVAS_HOTEL WHERE ID=52
DELETE FROM RESERVAS_HOTEL WHERE ID=53
COMMIT
DELETE FROM RESERVAS_VUELO WHERE ID=0
DELETE FROM RESERVAS_VUELO WHERE ID=1
DELETE FROM RESERVAS_VUELO WHERE ID=3
DELETE FROM RESERVAS_VUELO WHERE ID=8
DELETE FROM RESERVAS_VUELO WHERE ID=9
DELETE FROM RESERVAS_VUELO WHERE ID=10
DELETE FROM RESERVAS_VUELO WHERE ID=11
DELETE FROM RESERVAS_VUELO WHERE ID=12
DELETE FROM RESERVAS_VUELO WHERE ID=13
DELETE FROM RESERVAS_VUELO WHERE ID=14
DELETE FROM RESERVAS_VUELO WHERE ID=15
DELETE FROM RESERVAS_VUELO WHERE ID=16
DELETE FROM RESERVAS_VUELO WHERE ID=18
DELETE FROM RESERVAS_VUELO WHERE ID=19
DELETE FROM RESERVAS_VUELO WHERE ID=20
DELETE FROM RESERVAS_VUELO WHERE ID=21
DELETE FROM RESERVAS_VUELO WHERE ID=22
DELETE FROM RESERVAS_VUELO WHERE ID=23
DELETE FROM RESERVAS_VUELO WHERE ID=24
DELETE FROM RESERVAS_VUELO WHERE ID=25
DELETE FROM RESERVAS_VUELO WHERE ID=26
DELETE FROM RESERVAS_VUELO WHERE ID=27
DELETE FROM RESERVAS_VUELO WHERE ID=28
DELETE FROM RESERVAS_VUELO WHERE ID=29
DELETE FROM RESERVAS_VUELO WHERE ID=30
DELETE FROM RESERVAS_VUELO WHERE ID=31
DELETE FROM RESERVAS_VUELO WHERE ID=32
DELETE FROM RESERVAS_VUELO WHERE ID=33
DELETE FROM RESERVAS_VUELO WHERE ID=34
DELETE FROM RESERVAS_VUELO WHERE ID=35
DELETE FROM RESERVAS_VUELO WHERE ID=36
DELETE FROM RESERVAS_VUELO WHERE ID=37
DELETE FROM RESERVAS_VUELO WHERE ID=38
DELETE FROM RESERVAS_VUELO WHERE ID=39
DELETE FROM RESERVAS_VUELO WHERE ID=40
DELETE FROM RESERVAS_VUELO WHERE ID=41
DELETE FROM RESERVAS_VUELO WHERE ID=42
DELETE FROM RESERVAS_VUELO WHERE ID=43
DELETE FROM RESERVAS_VUELO WHERE ID=44
DELETE FROM RESERVAS_VUELO WHERE ID=45
DELETE FROM RESERVAS_VUELO WHERE ID=46
DELETE FROM RESERVAS_VUELO WHERE ID=47
COMMIT
DELETE FROM VUELOS WHERE ID=0
DELETE FROM VUELOS WHERE ID=1
DELETE FROM VUELOS WHERE ID=2
DELETE FROM VUELOS WHERE ID=3
DELETE FROM VUELOS WHERE ID=4
DELETE FROM VUELOS WHERE ID=5
DELETE FROM VUELOS WHERE ID=6
DELETE FROM VUELOS WHERE ID=7
DELETE FROM VUELOS WHERE ID=8
DELETE FROM VUELOS WHERE ID=9
DELETE FROM VUELOS WHERE ID=10
DELETE FROM VUELOS WHERE ID=11
DELETE FROM VUELOS WHERE ID=12
DELETE FROM VUELOS WHERE ID=13
DELETE FROM VUELOS WHERE ID=14
DELETE FROM VUELOS WHERE ID=15
DELETE FROM VUELOS WHERE ID=16
DELETE FROM VUELOS WHERE ID=17
DELETE FROM VUELOS WHERE ID=18
DELETE FROM VUELOS WHERE ID=19
DELETE FROM VUELOS WHERE ID=20
DELETE FROM VUELOS WHERE ID=21
DELETE FROM VUELOS WHERE ID=22
DELETE FROM VUELOS WHERE ID=23
DELETE FROM VUELOS WHERE ID=24
DELETE FROM VUELOS WHERE ID=25
DELETE FROM VUELOS WHERE ID=26
DELETE FROM VUELOS WHERE ID=27
DELETE FROM VUELOS WHERE ID=28
DELETE FROM VUELOS WHERE ID=29
DELETE FROM VUELOS WHERE ID=30
DELETE FROM VUELOS WHERE ID=31
DELETE FROM VUELOS WHERE ID=32
DELETE FROM VUELOS WHERE ID=33
DELETE FROM VUELOS WHERE ID=34
DELETE FROM VUELOS WHERE ID=35
DELETE FROM VUELOS WHERE ID=40
DELETE FROM VUELOS WHERE ID=41
DELETE FROM VUELOS WHERE ID=42
DELETE FROM VUELOS WHERE ID=43
COMMIT
INSERT INTO PLAZAS_LIBRES VALUES(43,0,30,'2019-07-01')
COMMIT
INSERT INTO PLAZAS_LIBRES VALUES(44,1,20,'2019-07-01')
COMMIT
INSERT INTO PLAZAS_LIBRES VALUES(45,2,10,'2019-07-01')
COMMIT
INSERT INTO PLAZAS_LIBRES VALUES(46,3,0,'2019-07-01')
COMMIT
INSERT INTO PLAZAS_LIBRES VALUES(47,0,5,'2019-07-02')
COMMIT
INSERT INTO PLAZAS_LIBRES VALUES(48,1,30,'2019-07-02')
COMMIT
INSERT INTO PLAZAS_LIBRES VALUES(49,2,15,'2019-07-02')
COMMIT
INSERT INTO PLAZAS_LIBRES VALUES(50,3,30,'2019-07-02')
COMMIT
INSERT INTO PLAZAS_LIBRES VALUES(51,0,30,'2019-07-03')
COMMIT
INSERT INTO PLAZAS_LIBRES VALUES(52,1,0,'2019-07-03')
COMMIT
INSERT INTO PLAZAS_LIBRES VALUES(53,2,20,'2019-07-03')
COMMIT
INSERT INTO PLAZAS_LIBRES VALUES(54,3,10,'2019-07-03')
COMMIT
INSERT INTO PLAZAS_LIBRES VALUES(55,4,30,'2019-07-01')
COMMIT
INSERT INTO PLAZAS_LIBRES VALUES(56,5,20,'2019-07-01')
COMMIT
INSERT INTO PLAZAS_LIBRES VALUES(57,6,10,'2019-07-01')
COMMIT
INSERT INTO PLAZAS_LIBRES VALUES(58,7,0,'2019-07-01')
COMMIT
INSERT INTO PLAZAS_LIBRES VALUES(59,4,5,'2019-07-02')
COMMIT
INSERT INTO PLAZAS_LIBRES VALUES(60,5,30,'2019-07-02')
COMMIT
INSERT INTO PLAZAS_LIBRES VALUES(61,6,15,'2019-07-02')
COMMIT
INSERT INTO PLAZAS_LIBRES VALUES(62,7,30,'2019-07-02')
COMMIT
INSERT INTO PLAZAS_LIBRES VALUES(63,4,30,'2019-07-03')
COMMIT
INSERT INTO PLAZAS_LIBRES VALUES(64,5,0,'2019-07-03')
COMMIT
INSERT INTO PLAZAS_LIBRES VALUES(65,6,20,'2019-07-03')
COMMIT
INSERT INTO PLAZAS_LIBRES VALUES(66,7,10,'2019-07-03')
COMMIT
INSERT INTO PLAZAS_LIBRES VALUES(67,8,30,'2019-07-01')
COMMIT
INSERT INTO PLAZAS_LIBRES VALUES(68,9,20,'2019-07-01')
COMMIT
INSERT INTO PLAZAS_LIBRES VALUES(69,10,10,'2019-07-01')
COMMIT
INSERT INTO PLAZAS_LIBRES VALUES(70,11,0,'2019-07-01')
COMMIT
INSERT INTO PLAZAS_LIBRES VALUES(71,8,5,'2019-07-02')
COMMIT
INSERT INTO PLAZAS_LIBRES VALUES(72,9,30,'2019-07-02')
COMMIT
INSERT INTO PLAZAS_LIBRES VALUES(73,10,15,'2019-07-02')
COMMIT
INSERT INTO PLAZAS_LIBRES VALUES(74,11,30,'2019-07-02')
COMMIT
INSERT INTO PLAZAS_LIBRES VALUES(75,8,30,'2019-07-03')
COMMIT
INSERT INTO PLAZAS_LIBRES VALUES(76,9,0,'2019-07-03')
COMMIT
INSERT INTO PLAZAS_LIBRES VALUES(77,10,20,'2019-07-03')
COMMIT
INSERT INTO PLAZAS_LIBRES VALUES(78,11,10,'2019-07-03')
COMMIT
INSERT INTO VUELOS VALUES(44,'Ryanair','Oviedo','Madrid',8,40.23E0,3,'2019-07-01')
COMMIT
INSERT INTO VUELOS VALUES(45,'Ryanair','Oviedo','Madrid',12,23.23E0,3,'2019-07-02')
COMMIT
INSERT INTO VUELOS VALUES(46,'Ryanair','Oviedo','Madrid',0,18.67E0,2,'2019-07-03')
COMMIT
INSERT INTO VUELOS VALUES(47,'Ryanair','Madrid','Oviedo',20,54.89E0,3,'2019-07-01')
COMMIT
INSERT INTO VUELOS VALUES(48,'Ryanair','Madrid','Oviedo',0,100.32E0,1,'2019-07-02')
COMMIT
INSERT INTO VUELOS VALUES(49,'Ryanair','Madrid','Oviedo',12,23.34E0,3,'2019-07-03')
COMMIT
INSERT INTO VUELOS VALUES(50,'Vueling','Oviedo','Madrid',20,12.34E0,2,'2019-07-01')
COMMIT
INSERT INTO VUELOS VALUES(51,'Vueling','Oviedo','Madrid',10,46.34E0,3,'2019-07-02')
COMMIT
INSERT INTO VUELOS VALUES(52,'Vueling','Oviedo','Madrid',0,67.45E0,3,'2019-07-03')
COMMIT
INSERT INTO VUELOS VALUES(53,'Vueling','Madrid','Oviedo',20,23.56E0,3,'2019-07-01')
COMMIT
INSERT INTO VUELOS VALUES(54,'Vueling','Madrid','Oviedo',14,200.34E0,1,'2019-07-02')
COMMIT
INSERT INTO VUELOS VALUES(55,'Vueling','Madrid','Oviedo',0,67.45E0,3,'2019-07-03')
COMMIT
INSERT INTO VUELOS VALUES(56,'Ryanair','Barcelona','Madrid',8,40.23E0,3,'2019-07-01')
COMMIT
INSERT INTO VUELOS VALUES(57,'Ryanair','Barcelona','Madrid',12,23.23E0,3,'2019-07-02')
COMMIT
INSERT INTO VUELOS VALUES(58,'Ryanair','Barcelona','Madrid',0,18.67E0,2,'2019-07-03')
COMMIT
INSERT INTO VUELOS VALUES(59,'Ryanair','Madrid','Barcelona',20,54.89E0,3,'2019-07-01')
COMMIT
INSERT INTO VUELOS VALUES(60,'Ryanair','Madrid','Barcelona',0,100.32E0,1,'2019-07-02')
COMMIT
INSERT INTO VUELOS VALUES(61,'Ryanair','Madrid','Barcelona',12,23.34E0,3,'2019-07-03')
COMMIT
INSERT INTO VUELOS VALUES(62,'Vueling','Barcelona','Madrid',20,12.34E0,2,'2019-07-01')
COMMIT
INSERT INTO VUELOS VALUES(63,'Vueling','Barcelona','Madrid',10,46.34E0,3,'2019-07-02')
COMMIT
INSERT INTO VUELOS VALUES(64,'Vueling','Barcelona','Madrid',0,67.45E0,3,'2019-07-03')
COMMIT
INSERT INTO VUELOS VALUES(65,'Vueling','Madrid','Barcelona',20,23.56E0,3,'2019-07-01')
COMMIT
INSERT INTO VUELOS VALUES(66,'Vueling','Madrid','Barcelona',14,200.34E0,1,'2019-07-02')
COMMIT
INSERT INTO VUELOS VALUES(67,'Vueling','Madrid','Barcelona',0,67.45E0,3,'2019-07-03')
COMMIT
INSERT INTO VUELOS VALUES(68,'Iberia','Barcelona','Oviedo',8,40.23E0,3,'2019-07-01')
COMMIT
INSERT INTO VUELOS VALUES(69,'Iberia','Barcelona','Oviedo',12,23.23E0,3,'2019-07-02')
COMMIT
INSERT INTO VUELOS VALUES(70,'Iberia','Barcelona','Oviedo',0,18.67E0,2,'2019-07-03')
COMMIT
INSERT INTO VUELOS VALUES(71,'Iberia','Oviedo','Barcelona',20,54.89E0,3,'2019-07-01')
COMMIT
INSERT INTO VUELOS VALUES(72,'Iberia','Oviedo','Barcelona',0,100.32E0,1,'2019-07-02')
COMMIT
INSERT INTO VUELOS VALUES(73,'Iberia','Oviedo','Barcelona',12,23.34E0,3,'2019-07-03')
COMMIT
INSERT INTO VUELOS VALUES(74,'Vueling','Barcelona','Oviedo',20,12.34E0,2,'2019-07-01')
COMMIT
INSERT INTO VUELOS VALUES(75,'Vueling','Barcelona','Oviedo',10,46.34E0,3,'2019-07-02')
COMMIT
INSERT INTO VUELOS VALUES(76,'Vueling','Barcelona','Oviedo',0,67.45E0,3,'2019-07-03')
COMMIT
INSERT INTO VUELOS VALUES(77,'Vueling','Oviedo','Barcelona',20,23.56E0,3,'2019-07-01')
COMMIT
INSERT INTO VUELOS VALUES(78,'Vueling','Oviedo','Barcelona',14,200.34E0,1,'2019-07-02')
COMMIT
INSERT INTO VUELOS VALUES(79,'Vueling','Oviedo','Barcelona',0,67.45E0,3,'2019-07-03')
COMMIT
/*C875*/SET SCHEMA PUBLIC
DISCONNECT
/*C876*/SET SCHEMA PUBLIC
DISCONNECT
/*C877*/SET SCHEMA PUBLIC
DISCONNECT
/*C878*/SET SCHEMA PUBLIC
DISCONNECT
/*C879*/SET SCHEMA PUBLIC
DISCONNECT
/*C880*/SET SCHEMA PUBLIC
DISCONNECT
/*C881*/SET SCHEMA PUBLIC
DISCONNECT
/*C882*/SET SCHEMA PUBLIC
DISCONNECT
/*C883*/SET SCHEMA PUBLIC
DISCONNECT
/*C884*/SET SCHEMA PUBLIC
DISCONNECT
/*C885*/SET SCHEMA PUBLIC
DISCONNECT
/*C886*/SET SCHEMA PUBLIC
DISCONNECT
/*C887*/SET SCHEMA PUBLIC
DISCONNECT
/*C888*/SET SCHEMA PUBLIC
DISCONNECT
/*C889*/SET SCHEMA PUBLIC
DISCONNECT
/*C890*/SET SCHEMA PUBLIC
DISCONNECT
/*C891*/SET SCHEMA PUBLIC
DISCONNECT
/*C892*/SET SCHEMA PUBLIC
DISCONNECT
/*C893*/SET SCHEMA PUBLIC
DISCONNECT
/*C894*/SET SCHEMA PUBLIC
DISCONNECT
/*C895*/SET SCHEMA PUBLIC
DISCONNECT
/*C896*/SET SCHEMA PUBLIC
DISCONNECT
/*C897*/SET SCHEMA PUBLIC
DISCONNECT
/*C898*/SET SCHEMA PUBLIC
DISCONNECT
/*C899*/SET SCHEMA PUBLIC
DISCONNECT
/*C900*/SET SCHEMA PUBLIC
DISCONNECT
/*C901*/SET SCHEMA PUBLIC
DISCONNECT
/*C902*/SET SCHEMA PUBLIC
DISCONNECT
/*C903*/SET SCHEMA PUBLIC
INSERT INTO RESERVAS_HOTEL VALUES(54,6,'2019-07-01','2019-07-01',1,'76736221X')
COMMIT
DISCONNECT
/*C904*/SET SCHEMA PUBLIC
DISCONNECT
/*C905*/SET SCHEMA PUBLIC
DISCONNECT
/*C906*/SET SCHEMA PUBLIC
DELETE FROM PLAZAS_LIBRES WHERE ID=57
INSERT INTO PLAZAS_LIBRES VALUES(57,6,9,'2019-07-01')
COMMIT
DISCONNECT
/*C907*/SET SCHEMA PUBLIC
DISCONNECT
/*C908*/SET SCHEMA PUBLIC
DISCONNECT
/*C909*/SET SCHEMA PUBLIC
DISCONNECT
/*C910*/SET SCHEMA PUBLIC
INSERT INTO RESERVAS_VUELO VALUES(48,50,53,'76736221X',1)
COMMIT
DISCONNECT
/*C911*/SET SCHEMA PUBLIC
DELETE FROM VUELOS WHERE ID=50
INSERT INTO VUELOS VALUES(50,'Vueling','Oviedo','Madrid',19,12.34E0,2,'2019-07-01')
COMMIT
DISCONNECT
/*C912*/SET SCHEMA PUBLIC
DELETE FROM VUELOS WHERE ID=53
INSERT INTO VUELOS VALUES(53,'Vueling','Madrid','Oviedo',19,23.56E0,3,'2019-07-01')
COMMIT
DISCONNECT
/*C913*/SET SCHEMA PUBLIC
DISCONNECT
/*C914*/SET SCHEMA PUBLIC
DISCONNECT
/*C915*/SET SCHEMA PUBLIC
DISCONNECT
/*C916*/SET SCHEMA PUBLIC
DISCONNECT
/*C917*/SET SCHEMA PUBLIC
DISCONNECT
/*C918*/SET SCHEMA PUBLIC
DELETE FROM RESERVAS_VUELO WHERE ID=48
COMMIT
DISCONNECT
/*C919*/SET SCHEMA PUBLIC
DISCONNECT
/*C920*/SET SCHEMA PUBLIC
DISCONNECT
/*C921*/SET SCHEMA PUBLIC
DISCONNECT
/*C922*/SET SCHEMA PUBLIC
DISCONNECT
/*C923*/SET SCHEMA PUBLIC
DISCONNECT
/*C924*/SET SCHEMA PUBLIC
DISCONNECT
/*C925*/SET SCHEMA PUBLIC
DISCONNECT
/*C926*/SET SCHEMA PUBLIC
DISCONNECT
/*C927*/SET SCHEMA PUBLIC
DISCONNECT
/*C928*/SET SCHEMA PUBLIC
DISCONNECT
/*C929*/SET SCHEMA PUBLIC
DISCONNECT
/*C930*/SET SCHEMA PUBLIC
DISCONNECT
/*C931*/SET SCHEMA PUBLIC
DISCONNECT
/*C932*/SET SCHEMA PUBLIC
DISCONNECT
/*C933*/SET SCHEMA PUBLIC
DELETE FROM RESERVAS_HOTEL WHERE ID=54
COMMIT
DISCONNECT
/*C934*/SET SCHEMA PUBLIC
DISCONNECT
/*C935*/SET SCHEMA PUBLIC
DISCONNECT
/*C936*/SET SCHEMA PUBLIC
DISCONNECT
/*C937*/SET SCHEMA PUBLIC
DISCONNECT
/*C938*/SET SCHEMA PUBLIC
DISCONNECT
/*C939*/SET SCHEMA PUBLIC
DISCONNECT
/*C940*/SET SCHEMA PUBLIC
DISCONNECT
/*C941*/SET SCHEMA PUBLIC
DISCONNECT
/*C942*/SET SCHEMA PUBLIC
DISCONNECT
/*C943*/SET SCHEMA PUBLIC
DISCONNECT
/*C944*/SET SCHEMA PUBLIC
DISCONNECT
/*C945*/SET SCHEMA PUBLIC
DISCONNECT
/*C946*/SET SCHEMA PUBLIC
DISCONNECT
/*C947*/SET SCHEMA PUBLIC
DISCONNECT
/*C948*/SET SCHEMA PUBLIC
DISCONNECT
/*C949*/SET SCHEMA PUBLIC
DISCONNECT
/*C950*/SET SCHEMA PUBLIC
DISCONNECT
/*C951*/SET SCHEMA PUBLIC
DISCONNECT
/*C952*/SET SCHEMA PUBLIC
DISCONNECT
/*C953*/SET SCHEMA PUBLIC
DISCONNECT
/*C954*/SET SCHEMA PUBLIC
DISCONNECT
/*C955*/SET SCHEMA PUBLIC
DISCONNECT
/*C956*/SET SCHEMA PUBLIC
DISCONNECT
/*C957*/SET SCHEMA PUBLIC
DISCONNECT
/*C958*/SET SCHEMA PUBLIC
DISCONNECT
/*C959*/SET SCHEMA PUBLIC
DISCONNECT
/*C960*/SET SCHEMA PUBLIC
DISCONNECT
/*C961*/SET SCHEMA PUBLIC
DISCONNECT
/*C962*/SET SCHEMA PUBLIC
DISCONNECT
/*C963*/SET SCHEMA PUBLIC
DISCONNECT
/*C964*/SET SCHEMA PUBLIC
DISCONNECT
/*C965*/SET SCHEMA PUBLIC
DISCONNECT
/*C966*/SET SCHEMA PUBLIC
DISCONNECT
/*C967*/SET SCHEMA PUBLIC
DISCONNECT
/*C968*/SET SCHEMA PUBLIC
DISCONNECT
/*C969*/SET SCHEMA PUBLIC
DISCONNECT
/*C970*/SET SCHEMA PUBLIC
DISCONNECT
/*C971*/SET SCHEMA PUBLIC
DISCONNECT
/*C972*/SET SCHEMA PUBLIC
DISCONNECT
/*C973*/SET SCHEMA PUBLIC
DISCONNECT
/*C974*/SET SCHEMA PUBLIC
DISCONNECT
/*C975*/SET SCHEMA PUBLIC
DISCONNECT
/*C976*/SET SCHEMA PUBLIC
DISCONNECT
/*C977*/SET SCHEMA PUBLIC
DISCONNECT
/*C978*/SET SCHEMA PUBLIC
DISCONNECT
/*C979*/SET SCHEMA PUBLIC
DISCONNECT
/*C980*/SET SCHEMA PUBLIC
DISCONNECT
/*C981*/SET SCHEMA PUBLIC
DISCONNECT
/*C982*/SET SCHEMA PUBLIC
DISCONNECT
/*C983*/SET SCHEMA PUBLIC
DISCONNECT
/*C984*/SET SCHEMA PUBLIC
DISCONNECT
/*C985*/SET SCHEMA PUBLIC
DISCONNECT
/*C986*/SET SCHEMA PUBLIC
DISCONNECT
/*C987*/SET SCHEMA PUBLIC
DISCONNECT
/*C988*/SET SCHEMA PUBLIC
DISCONNECT
/*C989*/SET SCHEMA PUBLIC
DISCONNECT
/*C990*/SET SCHEMA PUBLIC
DISCONNECT
/*C991*/SET SCHEMA PUBLIC
DISCONNECT
/*C992*/SET SCHEMA PUBLIC
DISCONNECT
/*C993*/SET SCHEMA PUBLIC
DISCONNECT
/*C994*/SET SCHEMA PUBLIC
DISCONNECT
/*C995*/SET SCHEMA PUBLIC
DISCONNECT
/*C996*/SET SCHEMA PUBLIC
DISCONNECT
/*C997*/SET SCHEMA PUBLIC
DISCONNECT
/*C998*/SET SCHEMA PUBLIC
DISCONNECT
/*C999*/SET SCHEMA PUBLIC
DISCONNECT
/*C1000*/SET SCHEMA PUBLIC
DISCONNECT
/*C1001*/SET SCHEMA PUBLIC
DISCONNECT
/*C1002*/SET SCHEMA PUBLIC
DISCONNECT
/*C1003*/SET SCHEMA PUBLIC
DISCONNECT
/*C1004*/SET SCHEMA PUBLIC
DISCONNECT
/*C1005*/SET SCHEMA PUBLIC
DISCONNECT
/*C1006*/SET SCHEMA PUBLIC
DISCONNECT
/*C1007*/SET SCHEMA PUBLIC
DISCONNECT
/*C1008*/SET SCHEMA PUBLIC
DISCONNECT
/*C1009*/SET SCHEMA PUBLIC
DISCONNECT
/*C1010*/SET SCHEMA PUBLIC
DISCONNECT
/*C1011*/SET SCHEMA PUBLIC
DISCONNECT
/*C1012*/SET SCHEMA PUBLIC
DISCONNECT
/*C1013*/SET SCHEMA PUBLIC
DISCONNECT
/*C1014*/SET SCHEMA PUBLIC
DISCONNECT
/*C1015*/SET SCHEMA PUBLIC
DISCONNECT
/*C1016*/SET SCHEMA PUBLIC
DISCONNECT
/*C1017*/SET SCHEMA PUBLIC
DISCONNECT
/*C1018*/SET SCHEMA PUBLIC
DISCONNECT
/*C1019*/SET SCHEMA PUBLIC
DISCONNECT
/*C1020*/SET SCHEMA PUBLIC
DISCONNECT
/*C1021*/SET SCHEMA PUBLIC
DISCONNECT
/*C1022*/SET SCHEMA PUBLIC
DISCONNECT
/*C1023*/SET SCHEMA PUBLIC
DISCONNECT
/*C1024*/SET SCHEMA PUBLIC
DISCONNECT
/*C1025*/SET SCHEMA PUBLIC
DISCONNECT
/*C1026*/SET SCHEMA PUBLIC
DISCONNECT
/*C1027*/SET SCHEMA PUBLIC
DISCONNECT
/*C1028*/SET SCHEMA PUBLIC
DISCONNECT
/*C1029*/SET SCHEMA PUBLIC
DISCONNECT
/*C1030*/SET SCHEMA PUBLIC
DISCONNECT
/*C1031*/SET SCHEMA PUBLIC
DISCONNECT
/*C1032*/SET SCHEMA PUBLIC
DISCONNECT
/*C1033*/SET SCHEMA PUBLIC
DISCONNECT
/*C1034*/SET SCHEMA PUBLIC
DISCONNECT
/*C1035*/SET SCHEMA PUBLIC
DISCONNECT
/*C1036*/SET SCHEMA PUBLIC
DISCONNECT
/*C1037*/SET SCHEMA PUBLIC
DISCONNECT
/*C1038*/SET SCHEMA PUBLIC
DISCONNECT
/*C1039*/SET SCHEMA PUBLIC
DISCONNECT
/*C1040*/SET SCHEMA PUBLIC
DISCONNECT
/*C1041*/SET SCHEMA PUBLIC
DISCONNECT
/*C1042*/SET SCHEMA PUBLIC
DISCONNECT
/*C1043*/SET SCHEMA PUBLIC
DISCONNECT
/*C1044*/SET SCHEMA PUBLIC
DISCONNECT
/*C1045*/SET SCHEMA PUBLIC
DISCONNECT
/*C1046*/SET SCHEMA PUBLIC
DISCONNECT
/*C1047*/SET SCHEMA PUBLIC
DISCONNECT
/*C1048*/SET SCHEMA PUBLIC
DISCONNECT
/*C1049*/SET SCHEMA PUBLIC
DISCONNECT
/*C1050*/SET SCHEMA PUBLIC
DISCONNECT
/*C1051*/SET SCHEMA PUBLIC
DISCONNECT
/*C1052*/SET SCHEMA PUBLIC
DISCONNECT
/*C1053*/SET SCHEMA PUBLIC
DISCONNECT
/*C1054*/SET SCHEMA PUBLIC
DISCONNECT
/*C1055*/SET SCHEMA PUBLIC
DISCONNECT
/*C1056*/SET SCHEMA PUBLIC
DISCONNECT
/*C1057*/SET SCHEMA PUBLIC
DISCONNECT
/*C1058*/SET SCHEMA PUBLIC
DISCONNECT
/*C1059*/SET SCHEMA PUBLIC
DISCONNECT
/*C1060*/SET SCHEMA PUBLIC
DISCONNECT
/*C1061*/SET SCHEMA PUBLIC
INSERT INTO RESERVAS_HOTEL VALUES(55,6,'2019-07-01','2019-07-01',1,'71896681S')
COMMIT
DISCONNECT
/*C1062*/SET SCHEMA PUBLIC
DISCONNECT
/*C1063*/SET SCHEMA PUBLIC
DISCONNECT
/*C1064*/SET SCHEMA PUBLIC
DELETE FROM PLAZAS_LIBRES WHERE ID=57
INSERT INTO PLAZAS_LIBRES VALUES(57,6,8,'2019-07-01')
COMMIT
DISCONNECT
/*C1065*/SET SCHEMA PUBLIC
DISCONNECT
/*C1066*/SET SCHEMA PUBLIC
DISCONNECT
/*C1067*/SET SCHEMA PUBLIC
DISCONNECT
/*C1068*/SET SCHEMA PUBLIC
INSERT INTO RESERVAS_VUELO VALUES(49,50,53,'71896681S',1)
COMMIT
DISCONNECT
/*C1069*/SET SCHEMA PUBLIC
DELETE FROM VUELOS WHERE ID=50
INSERT INTO VUELOS VALUES(50,'Vueling','Oviedo','Madrid',18,12.34E0,2,'2019-07-01')
COMMIT
DISCONNECT
/*C1070*/SET SCHEMA PUBLIC
DELETE FROM VUELOS WHERE ID=53
INSERT INTO VUELOS VALUES(53,'Vueling','Madrid','Oviedo',18,23.56E0,3,'2019-07-01')
COMMIT
DISCONNECT
/*C1071*/SET SCHEMA PUBLIC
DISCONNECT
/*C1072*/SET SCHEMA PUBLIC
DISCONNECT
/*C1073*/SET SCHEMA PUBLIC
DELETE FROM RESERVAS_HOTEL WHERE ID=55
COMMIT
DISCONNECT
/*C1074*/SET SCHEMA PUBLIC
DISCONNECT
/*C1075*/SET SCHEMA PUBLIC
DISCONNECT
/*C1076*/SET SCHEMA PUBLIC
DELETE FROM PLAZAS_LIBRES WHERE ID=57
INSERT INTO PLAZAS_LIBRES VALUES(57,6,9,'2019-07-01')
COMMIT
DISCONNECT
/*C1077*/SET SCHEMA PUBLIC
DELETE FROM RESERVAS_VUELO WHERE ID=49
COMMIT
DISCONNECT
/*C1078*/SET SCHEMA PUBLIC
DISCONNECT
/*C1079*/SET SCHEMA PUBLIC
DISCONNECT
/*C1080*/SET SCHEMA PUBLIC
DISCONNECT
/*C1081*/SET SCHEMA PUBLIC
DISCONNECT
/*C1082*/SET SCHEMA PUBLIC
DISCONNECT
/*C1083*/SET SCHEMA PUBLIC
DISCONNECT
/*C1084*/SET SCHEMA PUBLIC
DISCONNECT
/*C1085*/SET SCHEMA PUBLIC
DISCONNECT
/*C1086*/SET SCHEMA PUBLIC
DISCONNECT
/*C1087*/SET SCHEMA PUBLIC
DISCONNECT
/*C1088*/SET SCHEMA PUBLIC
DISCONNECT
/*C1089*/SET SCHEMA PUBLIC
DISCONNECT
/*C1090*/SET SCHEMA PUBLIC
DISCONNECT
/*C1091*/SET SCHEMA PUBLIC
DISCONNECT
/*C1092*/SET SCHEMA PUBLIC
DISCONNECT
/*C1093*/SET SCHEMA PUBLIC
DISCONNECT
/*C1094*/SET SCHEMA PUBLIC
DISCONNECT
/*C1095*/SET SCHEMA PUBLIC
DISCONNECT
/*C1096*/SET SCHEMA PUBLIC
DISCONNECT
/*C1097*/SET SCHEMA PUBLIC
DISCONNECT
/*C1098*/SET SCHEMA PUBLIC
DISCONNECT
/*C1099*/SET SCHEMA PUBLIC
DISCONNECT
/*C1100*/SET SCHEMA PUBLIC
DISCONNECT
/*C1101*/SET SCHEMA PUBLIC
DISCONNECT
/*C1102*/SET SCHEMA PUBLIC
DISCONNECT
/*C1103*/SET SCHEMA PUBLIC
DISCONNECT
/*C1104*/SET SCHEMA PUBLIC
DISCONNECT
/*C1105*/SET SCHEMA PUBLIC
DISCONNECT
/*C1106*/SET SCHEMA PUBLIC
DISCONNECT
/*C1107*/SET SCHEMA PUBLIC
DISCONNECT
/*C1108*/SET SCHEMA PUBLIC
DISCONNECT
/*C1109*/SET SCHEMA PUBLIC
DISCONNECT
/*C1110*/SET SCHEMA PUBLIC
DISCONNECT
/*C1111*/SET SCHEMA PUBLIC
DISCONNECT
/*C1112*/SET SCHEMA PUBLIC
DISCONNECT
/*C1113*/SET SCHEMA PUBLIC
DISCONNECT
/*C1114*/SET SCHEMA PUBLIC
DISCONNECT
/*C1115*/SET SCHEMA PUBLIC
DISCONNECT
/*C1116*/SET SCHEMA PUBLIC
DISCONNECT
/*C1117*/SET SCHEMA PUBLIC
DISCONNECT
/*C1118*/SET SCHEMA PUBLIC
DISCONNECT
/*C1119*/SET SCHEMA PUBLIC
DISCONNECT
/*C1120*/SET SCHEMA PUBLIC
DISCONNECT
/*C1121*/SET SCHEMA PUBLIC
DISCONNECT
/*C1122*/SET SCHEMA PUBLIC
DISCONNECT
/*C1123*/SET SCHEMA PUBLIC
DISCONNECT
/*C1124*/SET SCHEMA PUBLIC
DISCONNECT
/*C1125*/SET SCHEMA PUBLIC
DISCONNECT
/*C1126*/SET SCHEMA PUBLIC
DISCONNECT
/*C1127*/SET SCHEMA PUBLIC
DISCONNECT
/*C1128*/SET SCHEMA PUBLIC
DISCONNECT
/*C1129*/SET SCHEMA PUBLIC
DISCONNECT
/*C1130*/SET SCHEMA PUBLIC
DISCONNECT
/*C1131*/SET SCHEMA PUBLIC
DISCONNECT
/*C1132*/SET SCHEMA PUBLIC
DISCONNECT
/*C1133*/SET SCHEMA PUBLIC
DISCONNECT
/*C1134*/SET SCHEMA PUBLIC
DISCONNECT
/*C1135*/SET SCHEMA PUBLIC
DISCONNECT
/*C1136*/SET SCHEMA PUBLIC
DISCONNECT
/*C1137*/SET SCHEMA PUBLIC
DISCONNECT
/*C1138*/SET SCHEMA PUBLIC
DISCONNECT
/*C1139*/SET SCHEMA PUBLIC
DISCONNECT
/*C1140*/SET SCHEMA PUBLIC
DISCONNECT
/*C1141*/SET SCHEMA PUBLIC
DISCONNECT
/*C1142*/SET SCHEMA PUBLIC
DISCONNECT
/*C1143*/SET SCHEMA PUBLIC
DISCONNECT
/*C1144*/SET SCHEMA PUBLIC
DISCONNECT
/*C1145*/SET SCHEMA PUBLIC
DISCONNECT
/*C1146*/SET SCHEMA PUBLIC
DISCONNECT
/*C1147*/SET SCHEMA PUBLIC
DISCONNECT
/*C1148*/SET SCHEMA PUBLIC
DISCONNECT
/*C1149*/SET SCHEMA PUBLIC
DISCONNECT
/*C1150*/SET SCHEMA PUBLIC
DISCONNECT
/*C1151*/SET SCHEMA PUBLIC
DISCONNECT
/*C1152*/SET SCHEMA PUBLIC
DISCONNECT
/*C1153*/SET SCHEMA PUBLIC
DISCONNECT
/*C1154*/SET SCHEMA PUBLIC
DISCONNECT
/*C1155*/SET SCHEMA PUBLIC
DISCONNECT
/*C1156*/SET SCHEMA PUBLIC
DISCONNECT
/*C1157*/SET SCHEMA PUBLIC
DISCONNECT
/*C1158*/SET SCHEMA PUBLIC
DISCONNECT
/*C1159*/SET SCHEMA PUBLIC
DISCONNECT
/*C1160*/SET SCHEMA PUBLIC
DISCONNECT
/*C1161*/SET SCHEMA PUBLIC
DISCONNECT
/*C1162*/SET SCHEMA PUBLIC
DISCONNECT
/*C1163*/SET SCHEMA PUBLIC
DISCONNECT
/*C1164*/SET SCHEMA PUBLIC
DISCONNECT
/*C1165*/SET SCHEMA PUBLIC
DISCONNECT
/*C1166*/SET SCHEMA PUBLIC
DISCONNECT
/*C1167*/SET SCHEMA PUBLIC
DISCONNECT
/*C1168*/SET SCHEMA PUBLIC
DISCONNECT
/*C1169*/SET SCHEMA PUBLIC
DISCONNECT
/*C1170*/SET SCHEMA PUBLIC
DISCONNECT
/*C1171*/SET SCHEMA PUBLIC
DISCONNECT
/*C1172*/SET SCHEMA PUBLIC
DISCONNECT
/*C1173*/SET SCHEMA PUBLIC
DISCONNECT
/*C1174*/SET SCHEMA PUBLIC
DISCONNECT
/*C1175*/SET SCHEMA PUBLIC
DISCONNECT
/*C1176*/SET SCHEMA PUBLIC
DISCONNECT
/*C1177*/SET SCHEMA PUBLIC
DISCONNECT
/*C1178*/SET SCHEMA PUBLIC
DISCONNECT
/*C1179*/SET SCHEMA PUBLIC
DISCONNECT
/*C1180*/SET SCHEMA PUBLIC
DISCONNECT
/*C1181*/SET SCHEMA PUBLIC
DISCONNECT
/*C1182*/SET SCHEMA PUBLIC
DISCONNECT
/*C1183*/SET SCHEMA PUBLIC
DISCONNECT
/*C1184*/SET SCHEMA PUBLIC
DISCONNECT
/*C1185*/SET SCHEMA PUBLIC
DISCONNECT
/*C1186*/SET SCHEMA PUBLIC
DISCONNECT
/*C1187*/SET SCHEMA PUBLIC
DISCONNECT
/*C1188*/SET SCHEMA PUBLIC
DISCONNECT
/*C1189*/SET SCHEMA PUBLIC
DISCONNECT
/*C1190*/SET SCHEMA PUBLIC
DISCONNECT
/*C1191*/SET SCHEMA PUBLIC
DISCONNECT
/*C1192*/SET SCHEMA PUBLIC
DISCONNECT
/*C1193*/SET SCHEMA PUBLIC
DISCONNECT
/*C1194*/SET SCHEMA PUBLIC
DISCONNECT
/*C1195*/SET SCHEMA PUBLIC
DISCONNECT
/*C1196*/SET SCHEMA PUBLIC
DISCONNECT
/*C1197*/SET SCHEMA PUBLIC
DISCONNECT
/*C1198*/SET SCHEMA PUBLIC
DISCONNECT
/*C1199*/SET SCHEMA PUBLIC
DISCONNECT
/*C1200*/SET SCHEMA PUBLIC
DISCONNECT
/*C1201*/SET SCHEMA PUBLIC
DISCONNECT
/*C1202*/SET SCHEMA PUBLIC
DISCONNECT
/*C1203*/SET SCHEMA PUBLIC
DISCONNECT
/*C1204*/SET SCHEMA PUBLIC
DISCONNECT
/*C1205*/SET SCHEMA PUBLIC
DISCONNECT
/*C1206*/SET SCHEMA PUBLIC
DISCONNECT
/*C1207*/SET SCHEMA PUBLIC
DISCONNECT
/*C1208*/SET SCHEMA PUBLIC
DISCONNECT
/*C1209*/SET SCHEMA PUBLIC
DISCONNECT
/*C1210*/SET SCHEMA PUBLIC
DISCONNECT
/*C1211*/SET SCHEMA PUBLIC
DISCONNECT
/*C1212*/SET SCHEMA PUBLIC
DISCONNECT
/*C1213*/SET SCHEMA PUBLIC
DISCONNECT
/*C1214*/SET SCHEMA PUBLIC
DISCONNECT
/*C1215*/SET SCHEMA PUBLIC
DISCONNECT
/*C1216*/SET SCHEMA PUBLIC
DISCONNECT
/*C1217*/SET SCHEMA PUBLIC
DISCONNECT
/*C1218*/SET SCHEMA PUBLIC
DISCONNECT
/*C1219*/SET SCHEMA PUBLIC
DISCONNECT
/*C1220*/SET SCHEMA PUBLIC
DISCONNECT
/*C1221*/SET SCHEMA PUBLIC
DISCONNECT
/*C1222*/SET SCHEMA PUBLIC
DISCONNECT
/*C1223*/SET SCHEMA PUBLIC
DISCONNECT
/*C1224*/SET SCHEMA PUBLIC
DISCONNECT
/*C1225*/SET SCHEMA PUBLIC
DISCONNECT
/*C1226*/SET SCHEMA PUBLIC
DISCONNECT
/*C1227*/SET SCHEMA PUBLIC
DISCONNECT
/*C1228*/SET SCHEMA PUBLIC
DISCONNECT
/*C1229*/SET SCHEMA PUBLIC
DISCONNECT
/*C1230*/SET SCHEMA PUBLIC
DISCONNECT
/*C1231*/SET SCHEMA PUBLIC
DISCONNECT
/*C1232*/SET SCHEMA PUBLIC
DISCONNECT
/*C1233*/SET SCHEMA PUBLIC
DISCONNECT
/*C1234*/SET SCHEMA PUBLIC
DISCONNECT
/*C1235*/SET SCHEMA PUBLIC
DISCONNECT
/*C1236*/SET SCHEMA PUBLIC
DISCONNECT
/*C1237*/SET SCHEMA PUBLIC
DISCONNECT
/*C1238*/SET SCHEMA PUBLIC
DISCONNECT
/*C1239*/SET SCHEMA PUBLIC
DISCONNECT
/*C1240*/SET SCHEMA PUBLIC
DISCONNECT
/*C1241*/SET SCHEMA PUBLIC
DISCONNECT
/*C1242*/SET SCHEMA PUBLIC
DISCONNECT
/*C1243*/SET SCHEMA PUBLIC
DISCONNECT
/*C1244*/SET SCHEMA PUBLIC
DISCONNECT
/*C1245*/SET SCHEMA PUBLIC
DISCONNECT
/*C1246*/SET SCHEMA PUBLIC
DISCONNECT
/*C1247*/SET SCHEMA PUBLIC
DISCONNECT
/*C1248*/SET SCHEMA PUBLIC
DISCONNECT
/*C1249*/SET SCHEMA PUBLIC
DISCONNECT
/*C1250*/SET SCHEMA PUBLIC
DISCONNECT
/*C1251*/SET SCHEMA PUBLIC
INSERT INTO RESERVAS_HOTEL VALUES(56,6,'2019-07-01','2019-07-01',1,'71896681S')
COMMIT
DISCONNECT
/*C1252*/SET SCHEMA PUBLIC
DISCONNECT
/*C1253*/SET SCHEMA PUBLIC
DISCONNECT
/*C1254*/SET SCHEMA PUBLIC
DELETE FROM PLAZAS_LIBRES WHERE ID=57
INSERT INTO PLAZAS_LIBRES VALUES(57,6,8,'2019-07-01')
COMMIT
DISCONNECT
/*C1255*/SET SCHEMA PUBLIC
DISCONNECT
/*C1256*/SET SCHEMA PUBLIC
DISCONNECT
/*C1257*/SET SCHEMA PUBLIC
DISCONNECT
/*C1258*/SET SCHEMA PUBLIC
INSERT INTO RESERVAS_VUELO VALUES(50,50,53,'71896681S',1)
COMMIT
DISCONNECT
/*C1259*/SET SCHEMA PUBLIC
DELETE FROM VUELOS WHERE ID=50
INSERT INTO VUELOS VALUES(50,'Vueling','Oviedo','Madrid',17,12.34E0,2,'2019-07-01')
COMMIT
DISCONNECT
/*C1260*/SET SCHEMA PUBLIC
DELETE FROM VUELOS WHERE ID=53
INSERT INTO VUELOS VALUES(53,'Vueling','Madrid','Oviedo',17,23.56E0,3,'2019-07-01')
COMMIT
DISCONNECT
/*C1261*/SET SCHEMA PUBLIC
DISCONNECT
/*C1262*/SET SCHEMA PUBLIC
DISCONNECT
/*C1263*/SET SCHEMA PUBLIC
DELETE FROM RESERVAS_HOTEL WHERE ID=56
COMMIT
DISCONNECT
/*C1264*/SET SCHEMA PUBLIC
DISCONNECT
/*C1265*/SET SCHEMA PUBLIC
DISCONNECT
/*C1266*/SET SCHEMA PUBLIC
DELETE FROM PLAZAS_LIBRES WHERE ID=57
INSERT INTO PLAZAS_LIBRES VALUES(57,6,9,'2019-07-01')
COMMIT
DISCONNECT
/*C1267*/SET SCHEMA PUBLIC
DISCONNECT
/*C1268*/SET SCHEMA PUBLIC
DISCONNECT
/*C1269*/SET SCHEMA PUBLIC
DISCONNECT
/*C1270*/SET SCHEMA PUBLIC
DELETE FROM RESERVAS_VUELO WHERE ID=50
COMMIT
DISCONNECT
